Arguments: 
  C:\Program Files\nodejs\node.exe C:\Program Files (x86)\Yarn\bin\yarn.js publish --tag latest --new-version 1.2.0

PATH: 
  E:\workspace\dragon-npm\packages\eslint-config-dragon-npmpackage\node_modules\.bin;E:\workspace\dragon-npm\packages\node_modules\.bin;E:\workspace\dragon-npm\node_modules\.bin;E:\workspace\node_modules\.bin;E:\node_modules\.bin;C:\Program Files\nodejs;C:\ProgramData\Oracle\Java\javapath;C:\Windows\system32;C:\Windows;C:\Windows\System32\Wbem;C:\Windows\System32\WindowsPowerShell\v1.0\;C:\Program Files (x86)\AOMEI Backupper 3.5;D:\cygwin64\bin;D:\phpStudy\php\php-7.0.12-nts;C:\Program Files\MySQL\MySQL Server 5.7\bin;C:\Program Files (x86)\Yarn\bin;C:\Program Files\Git\cmd;C:\Program Files\Java\jdk-9.0.4\bin;C:\Program Files\Java\jdk-9.0.4\jre\bin;C:\Program Files\nodejs\;C:\Program Files (x86)\GnuWin32\bin;C:\Program Files\mingw-w64\x86_64-8.1.0-posix-seh-rt_v6-rev0\mingw64\bin\;D:\Microsoft VS Code\bin;C:\Program Files (x86)\Egret\Egret Wing 3\bin;C:\Program Files\MySQL\MySQL Server 5.7\bin;D:\Fiddler;C:\Users\Administrator\AppData\Local\Yarn\bin;C:\Program Files\Docker Toolbox;D:\Microsoft VS Code\bin;C:\Users\Administrator\AppData\Roaming\npm;C:\Program Files (x86)\GnuWin32\bin

Yarn version: 
  1.3.2

Node version: 
  8.11.1

Platform: 
  win32 x64

npm manifest: 
  {
    "name": "eslint-config-dragon-npmpackage",
    "version": "1.2.0",
    "description": "ESLint configuration used by Dragon",
    "license": "MIT",
    "bugs": {
      "url": "https://github.com/ArthasDragon/dragon-npm-package.git/issues"
    },
    "files": [
      "index.js"
    ],
    "dependencies": {
      "babel-eslint": "^8.0.2",
      "eslint-plugin-import": "^2.6.0",
      "eslint-plugin-react": "^7.1.0"
    },
    "devDependencies": {
      "eslint": "^4.1.1"
    },
    "peerDependencies": {
      "eslint": ">=4"
    }
  }

yarn manifest: 
  No manifest

Lockfile: 
  No lockfile

Trace: 
  Error: connect ETIMEDOUT 104.16.19.35:80
      at Object._errnoException (util.js:1022:11)
      at _exceptionWithHostPort (util.js:1044:20)
      at TCPConnectWrap.afterConnect [as oncomplete] (net.js:1198:14)
